nohup: ignoring input
✅ Server running on port 5000
✅ Allowed CORS Origins: [
  'https://billing-chi-peach.vercel.app',
  'http://localhost:5173',
  'http://localhost:3000'
]
Signup error: Operation `users.findOne()` buffering timed out after 10000ms
MongooseError: Operation `users.findOne()` buffering timed out after 10000ms
    at Timeout._onTimeout (C:\Users\HP\OneDrive\Desktop\oliv\Backend\node_modules\mongoose\lib\drivers\node-mongodb-native\collection.js:131:25)
    at listOnTimeout (node:internal/timers:588:17)
    at process.processTimers (node:internal/timers:523:7)
MongoDB connection error: MongooseServerSelectionError: Could not connect to any servers in your MongoDB Atlas cluster. One common reason is that you're trying to access the database from an IP that isn't whitelisted. Make sure your current IP address is on your Atlas cluster's IP whitelist: https://www.mongodb.com/docs/atlas/security-whitelist/
    at _handleConnectionErrors (C:\Users\HP\OneDrive\Desktop\oliv\Backend\node_modules\mongoose\lib\connection.js:1169:11)
    at NativeConnection.openUri (C:\Users\HP\OneDrive\Desktop\oliv\Backend\node_modules\mongoose\lib\connection.js:1100:11)
    at async connectDB (file:///C:/Users/HP/OneDrive/Desktop/oliv/Backend/config/db.js:7:5) {
  errorLabelSet: Set(0) {},
  reason: TopologyDescription {
    type: 'ReplicaSetNoPrimary',
    servers: Map(3) {
      'ac-vjio8yh-shard-00-02.psj4y3f.mongodb.net:27017' => [ServerDescription],
      'ac-vjio8yh-shard-00-00.psj4y3f.mongodb.net:27017' => [ServerDescription],
      'ac-vjio8yh-shard-00-01.psj4y3f.mongodb.net:27017' => [ServerDescription]
    },
    stale: false,
    compatible: true,
    heartbeatFrequencyMS: 10000,
    localThresholdMS: 15,
    setName: 'atlas-ulmfo8-shard-0',
    maxElectionId: null,
    maxSetVersion: null,
    commonWireVersion: 0,
    logicalSessionTimeoutMinutes: null
  },
  code: undefined,
  cause: TopologyDescription {
    type: 'ReplicaSetNoPrimary',
    servers: Map(3) {
      'ac-vjio8yh-shard-00-02.psj4y3f.mongodb.net:27017' => [ServerDescription],
      'ac-vjio8yh-shard-00-00.psj4y3f.mongodb.net:27017' => [ServerDescription],
      'ac-vjio8yh-shard-00-01.psj4y3f.mongodb.net:27017' => [ServerDescription]
    },
    stale: false,
    compatible: true,
    heartbeatFrequencyMS: 10000,
    localThresholdMS: 15,
    setName: 'atlas-ulmfo8-shard-0',
    maxElectionId: null,
    maxSetVersion: null,
    commonWireVersion: 0,
    logicalSessionTimeoutMinutes: null
  }
}
